#
# There is insufficient memory for the Java Runtime Environment to continue.
# Native memory allocation (malloc) failed to allocate 341776 bytes for Chunk::new
# Possible reasons:
#   The system is out of physical RAM or swap space
#   The process is running with CompressedOops enabled, and the Java Heap may be blocking the growth of the native heap
# Possible solutions:
#   Reduce memory load on the system
#   Increase physical memory or swap space
#   Check if swap backing store is full
#   Decrease Java heap size (-Xmx/-Xms)
#   Decrease number of Java threads
#   Decrease Java thread stack sizes (-Xss)
#   Set larger code cache with -XX:ReservedCodeCacheSize=
#   JVM is running with Zero Based Compressed Oops mode in which the Java heap is
#     placed in the first 32GB address space. The Java Heap base address is the
#     maximum limit for the native heap growth. Please use -XX:HeapBaseMinAddress
#     to set the Java Heap base and to place the Java Heap above 32GB virtual address.
# This output file may be truncated or incomplete.
#
#  Out of Memory Error (./src/hotspot/share/memory/arena.cpp:197), pid=14992, tid=12892
#
# JRE version: OpenJDK Runtime Environment AdoptOpenJDK (11.0.8+10) (build 11.0.8+10)
# Java VM: OpenJDK 64-Bit Server VM AdoptOpenJDK (11.0.8+10, mixed mode, tiered, compressed oops, g1 gc, windows-amd64)
# No core dump will be written. Minidumps are not enabled by default on client versions of Windows
#

---------------  S U M M A R Y ------------

Command Line: -ea -DnodeNamesHandler=org.jetbrains.plugins.cucumber.java.run.CucumberTestTreeNodeManager -Didea.test.cyclic.buffer.size=1048576 -javaagent:E:\Programming\JAVA IDE\lib\idea_rt.jar=65019:E:\Programming\JAVA IDE\bin -Dfile.encoding=UTF-8 com.intellij.rt.junit.JUnitStarter -ideVersion5 -junit4 ru.vxdimas.CucumberRunner

Host: AMD Ryzen 5 3600 6-Core Processor              , 12 cores, 15G,  Windows 10 , 64 bit Build 17763 (10.0.17763.475)
Time: Sat Aug 15 01:10:17 2020 RTZ 2 (ceia) elapsed time: 16 seconds (0d 0h 0m 16s)

---------------  T H R E A D  ---------------

Current thread (0x000002d9e6e7e000):  JavaThread "C2 CompilerThread0" daemon [_thread_in_native, id=12892, stack(0x000000de0d600000,0x000000de0d700000)]


Current CompileTask:
C2:  16440 1882       4       java.io.DataOutputStream::writeShort (35 bytes)

Stack: [0x000000de0d600000,0x000000de0d700000]
Native frames: (J=compiled Java code, j=interpreted, Vv=VM code, C=native code)
V  [jvm.dll+0x5dfa5a]
V  [jvm.dll+0x7175ce]
V  [jvm.dll+0x718c9f]
V  [jvm.dll+0x719363]
V  [jvm.dll+0x240e48]
V  [jvm.dll+0xb96ac]
V  [jvm.dll+0xb9dac]
V  [jvm.dll+0x346387]
V  [jvm.dll+0x314173]
V  [jvm.dll+0x3134ba]
V  [jvm.dll+0x1fa925]
V  [jvm.dll+0x1f9adf]
V  [jvm.dll+0x17e4ec]
V  [jvm.dll+0x208f27]
V  [jvm.dll+0x20710b]
V  [jvm.dll+0x6dc339]
V  [jvm.dll+0x6d53e4]
V  [jvm.dll+0x5de996]
C  [ucrtbase.dll+0x21ffa]
C  [KERNEL32.DLL+0x17974]
C  [ntdll.dll+0x6a271]


---------------  P R O C E S S  ---------------

Threads class SMR info:
_java_thread_list=0x000002d9e81478c0, length=18, elements={
0x000002d9c2479000, 0x000002d9e6df8000, 0x000002d9e6df9800, 0x000002d9e6e77800,
0x000002d9e6e79800, 0x000002d9e6e7e000, 0x000002d9e6e81000, 0x000002d9e6e8b000,
0x000002d9e652c000, 0x000002d9e7298800, 0x000002d9e7299000, 0x000002d9e821a800,
0x000002d9e8211000, 0x000002d9e806a800, 0x000002d9e8214800, 0x000002d9e8255800,
0x000002d9e8260800, 0x000002d9e819d800
}

Java Threads: ( => current thread )
  0x000002d9c2479000 JavaThread "main" [_thread_in_Java, id=21296, stack(0x000000de0cb00000,0x000000de0cc00000)]
  0x000002d9e6df8000 JavaThread "Reference Handler" daemon [_thread_blocked, id=8036, stack(0x000000de0d200000,0x000000de0d300000)]
  0x000002d9e6df9800 JavaThread "Finalizer" daemon [_thread_blocked, id=39864, stack(0x000000de0d300000,0x000000de0d400000)]
  0x000002d9e6e77800 JavaThread "Signal Dispatcher" daemon [_thread_blocked, id=9548, stack(0x000000de0d400000,0x000000de0d500000)]
  0x000002d9e6e79800 JavaThread "Attach Listener" daemon [_thread_blocked, id=27240, stack(0x000000de0d500000,0x000000de0d600000)]
=>0x000002d9e6e7e000 JavaThread "C2 CompilerThread0" daemon [_thread_in_native, id=12892, stack(0x000000de0d600000,0x000000de0d700000)]
  0x000002d9e6e81000 JavaThread "C1 CompilerThread0" daemon [_thread_in_native, id=26516, stack(0x000000de0d700000,0x000000de0d800000)]
  0x000002d9e6e8b000 JavaThread "Sweeper thread" daemon [_thread_blocked, id=32684, stack(0x000000de0d800000,0x000000de0d900000)]
  0x000002d9e652c000 JavaThread "Common-Cleaner" daemon [_thread_blocked, id=26332, stack(0x000000de0d900000,0x000000de0da00000)]
  0x000002d9e7298800 JavaThread "Monitor Ctrl-Break" daemon [_thread_in_native, id=30632, stack(0x000000de0db00000,0x000000de0dc00000)]
  0x000002d9e7299000 JavaThread "Service Thread" daemon [_thread_blocked, id=35192, stack(0x000000de0dc00000,0x000000de0dd00000)]
  0x000002d9e821a800 JavaThread "Exec Default Executor" daemon [_thread_in_native, id=34724, stack(0x000000de0e600000,0x000000de0e700000)]
  0x000002d9e8211000 JavaThread "UrlChecker-2" daemon [_thread_blocked, id=23256, stack(0x000000de0e700000,0x000000de0e800000)]
  0x000002d9e806a800 JavaThread "Exec Stream Pumper" daemon [_thread_in_native, id=30232, stack(0x000000de0e900000,0x000000de0ea00000)]
  0x000002d9e8214800 JavaThread "Exec Stream Pumper" daemon [_thread_in_native, id=31984, stack(0x000000de0ea00000,0x000000de0eb00000)]
  0x000002d9e8255800 JavaThread "OkHttp ConnectionPool" daemon [_thread_blocked, id=31648, stack(0x000000de0da00000,0x000000de0db00000)]
  0x000002d9e8260800 JavaThread "Okio Watchdog" daemon [_thread_blocked, id=25676, stack(0x000000de0eb00000,0x000000de0ec00000)]
  0x000002d9e819d800 JavaThread "C2 CompilerThread1" daemon [_thread_in_native, id=35908, stack(0x000000de0e500000,0x000000de0e600000)]

Other Threads:
  0x000002d9e6df4000 VMThread "VM Thread" [stack: 0x000000de0d100000,0x000000de0d200000] [id=23432]
  0x000002d9e72bd000 WatcherThread [stack: 0x000000de0dd00000,0x000000de0de00000] [id=36040]
  0x000002d9c248f800 GCTaskThread "GC Thread#0" [stack: 0x000000de0cc00000,0x000000de0cd00000] [id=1260]
  0x000002d9e793b800 GCTaskThread "GC Thread#1" [stack: 0x000000de0de00000,0x000000de0df00000] [id=13572]
  0x000002d9e7e66800 GCTaskThread "GC Thread#2" [stack: 0x000000de0df00000,0x000000de0e000000] [id=33212]
  0x000002d9e7f2a000 GCTaskThread "GC Thread#3" [stack: 0x000000de0e000000,0x000000de0e100000] [id=26456]
  0x000002d9e7f2d000 GCTaskThread "GC Thread#4" [stack: 0x000000de0e100000,0x000000de0e200000] [id=24072]
  0x000002d9e7651000 GCTaskThread "GC Thread#5" [stack: 0x000000de0e200000,0x000000de0e300000] [id=31960]
  0x000002d9c24ed800 ConcurrentGCThread "G1 Main Marker" [stack: 0x000000de0cd00000,0x000000de0ce00000] [id=38344]
  0x000002d9c24f0000 ConcurrentGCThread "G1 Conc#0" [stack: 0x000000de0ce00000,0x000000de0cf00000] [id=35500]
  0x000002d9e8072000 ConcurrentGCThread "G1 Conc#1" [stack: 0x000000de0e300000,0x000000de0e400000] [id=23452]
  0x000002d9e80c2000 ConcurrentGCThread "G1 Conc#2" [stack: 0x000000de0e400000,0x000000de0e500000] [id=19572]
  0x000002d9e6458000 ConcurrentGCThread "G1 Refine#0" [stack: 0x000000de0cf00000,0x000000de0d000000] [id=24764]
  0x000002d9e645a000 ConcurrentGCThread "G1 Young RemSet Sampling" [stack: 0x000000de0d000000,0x000000de0d100000] [id=34524]

Threads with active compile tasks:
C2 CompilerThread0  16457 1882       4       java.io.DataOutputStream::writeShort (35 bytes)
C2 CompilerThread1  16457 1883       4       java.lang.reflect.ProxyGenerator$ConstantPool::getValue (87 bytes)

VM state:not at safepoint (normal execution)

VM Mutex/Monitor currently owned by a thread: None

Heap address: 0x0000000700c00000, size: 4084 MB, Compressed Oops mode: Zero based, Oop shift amount: 3
Narrow klass base: 0x0000000800000000, Narrow klass shift: 0
Compressed class space size: 1073741824 Address: 0x0000000800000000

Heap:
 garbage-first heap   total 262144K, used 27791K [0x0000000700c00000, 0x0000000800000000)
  region size 1024K, 28 young (28672K), 6 survivors (6144K)
 Metaspace       used 25813K, capacity 26436K, committed 26672K, reserved 1075200K
  class space    used 2939K, capacity 3175K, committed 3200K, reserved 1048576K
Heap Regions: E=young(eden), S=young(survivor), O=old, HS=humongous(starts), HC=humongous(continues), CS=collection set, F=free, A=archive, TAMS=top-at-mark-start (previous, next)
|   0|0x0000000700c00000, 0x0000000700cfa800, 0x0000000700d00000| 97%| O|  |TAMS 0x0000000700cfa800, 0x0000000700c00000| Untracked 
|   1|0x0000000700d00000, 0x0000000700d00000, 0x0000000700e00000|  0%| F|  |TAMS 0x0000000700d00000, 0x0000000700d00000| Untracked 
|   2|0x0000000700e00000, 0x0000000700e00000, 0x0000000700f00000|  0%| F|  |TAMS 0x0000000700e00000, 0x0000000700e00000| Untracked 
|   3|0x0000000700f00000, 0x0000000700f00000, 0x0000000701000000|  0%| F|  |TAMS 0x0000000700f00000, 0x0000000700f00000| Untracked 
|   4|0x0000000701000000, 0x0000000701000000, 0x0000000701100000|  0%| F|  |TAMS 0x0000000701000000, 0x0000000701000000| Untracked 
|   5|0x0000000701100000, 0x0000000701100000, 0x0000000701200000|  0%| F|  |TAMS 0x0000000701100000, 0x0000000701100000| Untracked 
|   6|0x0000000701200000, 0x0000000701200000, 0x0000000701300000|  0%| F|  |TAMS 0x0000000701200000, 0x0000000701200000| Untracked 
|   7|0x0000000701300000, 0x0000000701300000, 0x0000000701400000|  0%| F|  |TAMS 0x0000000701300000, 0x0000000701300000| Untracked 
|   8|0x0000000701400000, 0x0000000701400000, 0x0000000701500000|  0%| F|  |TAMS 0x0000000701400000, 0x0000000701400000| Untracked 
|   9|0x0000000701500000, 0x0000000701500000, 0x0000000701600000|  0%| F|  |TAMS 0x0000000701500000, 0x0000000701500000| Untracked 
|  10|0x0000000701600000, 0x0000000701600000, 0x0000000701700000|  0%| F|  |TAMS 0x0000000701600000, 0x0000000701600000| Untracked 
|  11|0x0000000701700000, 0x0000000701700000, 0x0000000701800000|  0%| F|  |TAMS 0x0000000701700000, 0x0000000701700000| Untracked 
|  12|0x0000000701800000, 0x0000000701800000, 0x0000000701900000|  0%| F|  |TAMS 0x0000000701800000, 0x0000000701800000| Untracked 
|  13|0x0000000701900000, 0x0000000701900000, 0x0000000701a00000|  0%| F|  |TAMS 0x0000000701900000, 0x0000000701900000| Untracked 
|  14|0x0000000701a00000, 0x0000000701a00000, 0x0000000701b00000|  0%| F|  |TAMS 0x0000000701a00000, 0x0000000701a00000| Untracked 
|  15|0x0000000701b00000, 0x0000000701b00000, 0x0000000701c00000|  0%| F|  |TAMS 0x0000000701b00000, 0x0000000701b00000| Untracked 
|  16|0x0000000701c00000, 0x0000000701c00000, 0x0000000701d00000|  0%| F|  |TAMS 0x0000000701c00000, 0x0000000701c00000| Untracked 
|  17|0x0000000701d00000, 0x0000000701d00000, 0x0000000701e00000|  0%| F|  |TAMS 0x0000000701d00000, 0x0000000701d00000| Untracked 
|  18|0x0000000701e00000, 0x0000000701e00000, 0x0000000701f00000|  0%| F|  |TAMS 0x0000000701e00000, 0x0000000701e00000| Untracked 
|  19|0x0000000701f00000, 0x0000000701f00000, 0x0000000702000000|  0%| F|  |TAMS 0x0000000701f00000, 0x0000000701f00000| Untracked 
|  20|0x0000000702000000, 0x0000000702000000, 0x0000000702100000|  0%| F|  |TAMS 0x0000000702000000, 0x0000000702000000| Untracked 
|  21|0x0000000702100000, 0x0000000702100000, 0x0000000702200000|  0%| F|  |TAMS 0x0000000702100000, 0x0000000702100000| Untracked 
|  22|0x0000000702200000, 0x0000000702200000, 0x0000000702300000|  0%| F|  |TAMS 0x0000000702200000, 0x0000000702200000| Untracked 
|  23|0x0000000702300000, 0x0000000702300000, 0x0000000702400000|  0%| F|  |TAMS 0x0000000702300000, 0x0000000702300000| Untracked 
|  24|0x0000000702400000, 0x0000000702400000, 0x0000000702500000|  0%| F|  |TAMS 0x0000000702400000, 0x0000000702400000| Untracked 
|  25|0x0000000702500000, 0x0000000702500000, 0x0000000702600000|  0%| F|  |TAMS 0x0000000702500000, 0x0000000702500000| Untracked 
|  26|0x0000000702600000, 0x0000000702600000, 0x0000000702700000|  0%| F|  |TAMS 0x0000000702600000, 0x0000000702600000| Untracked 
|  27|0x0000000702700000, 0x0000000702700000, 0x0000000702800000|  0%| F|  |TAMS 0x0000000702700000, 0x0000000702700000| Untracked 
|  28|0x0000000702800000, 0x0000000702800000, 0x0000000702900000|  0%| F|  |TAMS 0x0000000702800000, 0x0000000702800000| Untracked 
|  29|0x0000000702900000, 0x0000000702900000, 0x0000000702a00000|  0%| F|  |TAMS 0x0000000702900000, 0x0000000702900000| Untracked 
|  30|0x0000000702a00000, 0x0000000702a00000, 0x0000000702b00000|  0%| F|  |TAMS 0x0000000702a00000, 0x0000000702a00000| Untracked 
|  31|0x0000000702b00000, 0x0000000702b00000, 0x0000000702c00000|  0%| F|  |TAMS 0x0000000702b00000, 0x0000000702b00000| Untracked 
|  32|0x0000000702c00000, 0x0000000702c00000, 0x0000000702d00000|  0%| F|  |TAMS 0x0000000702c00000, 0x0000000702c00000| Untracked 
|  33|0x0000000702d00000, 0x0000000702d00000, 0x0000000702e00000|  0%| F|  |TAMS 0x0000000702d00000, 0x0000000702d00000| Untracked 
|  34|0x0000000702e00000, 0x0000000702e00000, 0x0000000702f00000|  0%| F|  |TAMS 0x0000000702e00000, 0x0000000702e00000| Untracked 
|  35|0x0000000702f00000, 0x0000000702f00000, 0x0000000703000000|  0%| F|  |TAMS 0x0000000702f00000, 0x0000000702f00000| Untracked 
|  36|0x0000000703000000, 0x0000000703000000, 0x0000000703100000|  0%| F|  |TAMS 0x0000000703000000, 0x0000000703000000| Untracked 
|  37|0x0000000703100000, 0x0000000703100000, 0x0000000703200000|  0%| F|  |TAMS 0x0000000703100000, 0x0000000703100000| Untracked 
|  38|0x0000000703200000, 0x0000000703200000, 0x0000000703300000|  0%| F|  |TAMS 0x0000000703200000, 0x0000000703200000| Untracked 
|  39|0x0000000703300000, 0x0000000703300000, 0x0000000703400000|  0%| F|  |TAMS 0x0000000703300000, 0x0000000703300000| Untracked 
|  40|0x0000000703400000, 0x0000000703400000, 0x0000000703500000|  0%| F|  |TAMS 0x0000000703400000, 0x0000000703400000| Untracked 
|  41|0x0000000703500000, 0x0000000703500000, 0x0000000703600000|  0%| F|  |TAMS 0x0000000703500000, 0x0000000703500000| Untracked 
|  42|0x0000000703600000, 0x0000000703600000, 0x0000000703700000|  0%| F|  |TAMS 0x0000000703600000, 0x0000000703600000| Untracked 
|  43|0x0000000703700000, 0x0000000703700000, 0x0000000703800000|  0%| F|  |TAMS 0x0000000703700000, 0x0000000703700000| Untracked 
|  44|0x0000000703800000, 0x0000000703800000, 0x0000000703900000|  0%| F|  |TAMS 0x0000000703800000, 0x0000000703800000| Untracked 
|  45|0x0000000703900000, 0x0000000703900000, 0x0000000703a00000|  0%| F|  |TAMS 0x0000000703900000, 0x0000000703900000| Untracked 
|  46|0x0000000703a00000, 0x0000000703a00000, 0x0000000703b00000|  0%| F|  |TAMS 0x0000000703a00000, 0x0000000703a00000| Untracked 
|  47|0x0000000703b00000, 0x0000000703b00000, 0x0000000703c00000|  0%| F|  |TAMS 0x0000000703b00000, 0x0000000703b00000| Untracked 
|  48|0x0000000703c00000, 0x0000000703c00000, 0x0000000703d00000|  0%| F|  |TAMS 0x0000000703c00000, 0x0000000703c00000| Untracked 
|  49|0x0000000703d00000, 0x0000000703d00000, 0x0000000703e00000|  0%| F|  |TAMS 0x0000000703d00000, 0x0000000703d00000| Untracked 
|  50|0x0000000703e00000, 0x0000000703e00000, 0x0000000703f00000|  0%| F|  |TAMS 0x0000000703e00000, 0x0000000703e00000| Untracked 
|  51|0x0000000703f00000, 0x0000000703f00000, 0x0000000704000000|  0%| F|  |TAMS 0x0000000703f00000, 0x0000000703f00000| Untracked 
|  52|0x0000000704000000, 0x0000000704000000, 0x0000000704100000|  0%| F|  |TAMS 0x0000000704000000, 0x0000000704000000| Untracked 
|  53|0x0000000704100000, 0x0000000704100000, 0x0000000704200000|  0%| F|  |TAMS 0x0000000704100000, 0x0000000704100000| Untracked 
|  54|0x0000000704200000, 0x0000000704200000, 0x0000000704300000|  0%| F|  |TAMS 0x0000000704200000, 0x0000000704200000| Untracked 
|  55|0x0000000704300000, 0x0000000704300000, 0x0000000704400000|  0%| F|  |TAMS 0x0000000704300000, 0x0000000704300000| Untracked 
|  56|0x0000000704400000, 0x0000000704400000, 0x0000000704500000|  0%| F|  |TAMS 0x0000000704400000, 0x0000000704400000| Untracked 
|  57|0x0000000704500000, 0x0000000704500000, 0x0000000704600000|  0%| F|  |TAMS 0x0000000704500000, 0x0000000704500000| Untracked 
|  58|0x0000000704600000, 0x0000000704600000, 0x0000000704700000|  0%| F|  |TAMS 0x0000000704600000, 0x0000000704600000| Untracked 
|  59|0x0000000704700000, 0x0000000704700000, 0x0000000704800000|  0%| F|  |TAMS 0x0000000704700000, 0x0000000704700000| Untracked 
|  60|0x0000000704800000, 0x0000000704800000, 0x0000000704900000|  0%| F|  |TAMS 0x0000000704800000, 0x0000000704800000| Untracked 
|  61|0x0000000704900000, 0x0000000704900000, 0x0000000704a00000|  0%| F|  |TAMS 0x0000000704900000, 0x0000000704900000| Untracked 
|  62|0x0000000704a00000, 0x0000000704a00000, 0x0000000704b00000|  0%| F|  |TAMS 0x0000000704a00000, 0x0000000704a00000| Untracked 
|  63|0x0000000704b00000, 0x0000000704b00000, 0x0000000704c00000|  0%| F|  |TAMS 0x0000000704b00000, 0x0000000704b00000| Untracked 
|  64|0x0000000704c00000, 0x0000000704c00000, 0x0000000704d00000|  0%| F|  |TAMS 0x0000000704c00000, 0x0000000704c00000| Untracked 
|  65|0x0000000704d00000, 0x0000000704d00000, 0x0000000704e00000|  0%| F|  |TAMS 0x0000000704d00000, 0x0000000704d00000| Untracked 
|  66|0x0000000704e00000, 0x0000000704e00000, 0x0000000704f00000|  0%| F|  |TAMS 0x0000000704e00000, 0x0000000704e00000| Untracked 
|  67|0x0000000704f00000, 0x0000000704f00000, 0x0000000705000000|  0%| F|  |TAMS 0x0000000704f00000, 0x0000000704f00000| Untracked 
|  68|0x0000000705000000, 0x0000000705000000, 0x0000000705100000|  0%| F|  |TAMS 0x0000000705000000, 0x0000000705000000| Untracked 
|  69|0x0000000705100000, 0x0000000705100000, 0x0000000705200000|  0%| F|  |TAMS 0x0000000705100000, 0x0000000705100000| Untracked 
|  70|0x0000000705200000, 0x0000000705200000, 0x0000000705300000|  0%| F|  |TAMS 0x0000000705200000, 0x0000000705200000| Untracked 
|  71|0x0000000705300000, 0x0000000705300000, 0x0000000705400000|  0%| F|  |TAMS 0x0000000705300000, 0x0000000705300000| Untracked 
|  72|0x0000000705400000, 0x0000000705400000, 0x0000000705500000|  0%| F|  |TAMS 0x0000000705400000, 0x0000000705400000| Untracked 
|  73|0x0000000705500000, 0x0000000705500000, 0x0000000705600000|  0%| F|  |TAMS 0x0000000705500000, 0x0000000705500000| Untracked 
|  74|0x0000000705600000, 0x0000000705600000, 0x0000000705700000|  0%| F|  |TAMS 0x0000000705600000, 0x0000000705600000| Untracked 
|  75|0x0000000705700000, 0x0000000705700000, 0x0000000705800000|  0%| F|  |TAMS 0x0000000705700000, 0x0000000705700000| Untracked 
|  76|0x0000000705800000, 0x0000000705800000, 0x0000000705900000|  0%| F|  |TAMS 0x0000000705800000, 0x0000000705800000| Untracked 
|  77|0x0000000705900000, 0x0000000705900000, 0x0000000705a00000|  0%| F|  |TAMS 0x0000000705900000, 0x0000000705900000| Untracked 
|  78|0x0000000705a00000, 0x0000000705a00000, 0x0000000705b00000|  0%| F|  |TAMS 0x0000000705a00000, 0x0000000705a00000| Untracked 
|  79|0x0000000705b00000, 0x0000000705b00000, 0x0000000705c00000|  0%| F|  |TAMS 0x0000000705b00000, 0x0000000705b00000| Untracked 
|  80|0x0000000705c00000, 0x0000000705c00000, 0x0000000705d00000|  0%| F|  |TAMS 0x0000000705c00000, 0x0000000705c00000| Untracked 
|  81|0x0000000705d00000, 0x0000000705d00000, 0x0000000705e00000|  0%| F|  |TAMS 0x0000000705d00000, 0x0000000705d00000| Untracked 
|  82|0x0000000705e00000, 0x0000000705e00000, 0x0000000705f00000|  0%| F|  |TAMS 0x0000000705e00000, 0x0000000705e00000| Untracked 
|  83|0x0000000705f00000, 0x0000000705f00000, 0x0000000706000000|  0%| F|  |TAMS 0x0000000705f00000, 0x0000000705f00000| Untracked 
|  84|0x0000000706000000, 0x0000000706000000, 0x0000000706100000|  0%| F|  |TAMS 0x0000000706000000, 0x0000000706000000| Untracked 
|  85|0x0000000706100000, 0x0000000706100000, 0x0000000706200000|  0%| F|  |TAMS 0x0000000706100000, 0x0000000706100000| Untracked 
|  86|0x0000000706200000, 0x0000000706200000, 0x0000000706300000|  0%| F|  |TAMS 0x0000000706200000, 0x0000000706200000| Untracked 
|  87|0x0000000706300000, 0x0000000706300000, 0x0000000706400000|  0%| F|  |TAMS 0x0000000706300000, 0x0000000706300000| Untracked 
|  88|0x0000000706400000, 0x0000000706400000, 0x0000000706500000|  0%| F|  |TAMS 0x0000000706400000, 0x0000000706400000| Untracked 
|  89|0x0000000706500000, 0x0000000706500000, 0x0000000706600000|  0%| F|  |TAMS 0x0000000706500000, 0x0000000706500000| Untracked 
|  90|0x0000000706600000, 0x0000000706600000, 0x0000000706700000|  0%| F|  |TAMS 0x0000000706600000, 0x0000000706600000| Untracked 
|  91|0x0000000706700000, 0x0000000706700000, 0x0000000706800000|  0%| F|  |TAMS 0x0000000706700000, 0x0000000706700000| Untracked 
|  92|0x0000000706800000, 0x0000000706800000, 0x0000000706900000|  0%| F|  |TAMS 0x0000000706800000, 0x0000000706800000| Untracked 
|  93|0x0000000706900000, 0x0000000706900000, 0x0000000706a00000|  0%| F|  |TAMS 0x0000000706900000, 0x0000000706900000| Untracked 
|  94|0x0000000706a00000, 0x0000000706a00000, 0x0000000706b00000|  0%| F|  |TAMS 0x0000000706a00000, 0x0000000706a00000| Untracked 
|  95|0x0000000706b00000, 0x0000000706b00000, 0x0000000706c00000|  0%| F|  |TAMS 0x0000000706b00000, 0x0000000706b00000| Untracked 
|  96|0x0000000706c00000, 0x0000000706c00000, 0x0000000706d00000|  0%| F|  |TAMS 0x0000000706c00000, 0x0000000706c00000| Untracked 
|  97|0x0000000706d00000, 0x0000000706d00000, 0x0000000706e00000|  0%| F|  |TAMS 0x0000000706d00000, 0x0000000706d00000| Untracked 
|  98|0x0000000706e00000, 0x0000000706e00000, 0x0000000706f00000|  0%| F|  |TAMS 0x0000000706e00000, 0x0000000706e00000| Untracked 
|  99|0x0000000706f00000, 0x0000000706f00000, 0x0000000707000000|  0%| F|  |TAMS 0x0000000706f00000, 0x0000000706f00000| Untracked 
| 100|0x0000000707000000, 0x0000000707000000, 0x0000000707100000|  0%| F|  |TAMS 0x0000000707000000, 0x0000000707000000| Untracked 
| 101|0x0000000707100000, 0x0000000707100000, 0x0000000707200000|  0%| F|  |TAMS 0x0000000707100000, 0x0000000707100000| Untracked 
| 102|0x0000000707200000, 0x0000000707200000, 0x0000000707300000|  0%| F|  |TAMS 0x0000000707200000, 0x0000000707200000| Untracked 
| 103|0x0000000707300000, 0x0000000707300000, 0x0000000707400000|  0%| F|  |TAMS 0x0000000707300000, 0x0000000707300000| Untracked 
| 104|0x0000000707400000, 0x0000000707400000, 0x0000000707500000|  0%| F|  |TAMS 0x0000000707400000, 0x0000000707400000| Untracked 
| 105|0x0000000707500000, 0x0000000707500000, 0x0000000707600000|  0%| F|  |TAMS 0x0000000707500000, 0x0000000707500000| Untracked 
| 106|0x0000000707600000, 0x0000000707600000, 0x0000000707700000|  0%| F|  |TAMS 0x0000000707600000, 0x0000000707600000| Untracked 
| 107|0x0000000707700000, 0x0000000707700000, 0x0000000707800000|  0%| F|  |TAMS 0x0000000707700000, 0x0000000707700000| Untracked 
| 108|0x0000000707800000, 0x0000000707800000, 0x0000000707900000|  0%| F|  |TAMS 0x0000000707800000, 0x0000000707800000| Untracked 
| 109|0x0000000707900000, 0x0000000707900000, 0x0000000707a00000|  0%| F|  |TAMS 0x0000000707900000, 0x0000000707900000| Untracked 
| 110|0x0000000707a00000, 0x0000000707a00000, 0x0000000707b00000|  0%| F|  |TAMS 0x0000000707a00000, 0x0000000707a00000| Untracked 
| 111|0x0000000707b00000, 0x0000000707b00000, 0x0000000707c00000|  0%| F|  |TAMS 0x0000000707b00000, 0x0000000707b00000| Untracked 
| 112|0x0000000707c00000, 0x0000000707c00000, 0x0000000707d00000|  0%| F|  |TAMS 0x0000000707c00000, 0x0000000707c00000| Untracked 
| 113|0x0000000707d00000, 0x0000000707d00000, 0x0000000707e00000|  0%| F|  |TAMS 0x0000000707d00000, 0x0000000707d00000| Untracked 
| 114|0x0000000707e00000, 0x0000000707e00000, 0x0000000707f00000|  0%| F|  |TAMS 0x0000000707e00000, 0x0000000707e00000| Untracked 
| 115|0x0000000707f00000, 0x0000000707f00000, 0x0000000708000000|  0%| F|  |TAMS 0x0000000707f00000, 0x0000000707f00000| Untracked 
| 116|0x0000000708000000, 0x0000000708000000, 0x0000000708100000|  0%| F|  |TAMS 0x0000000708000000, 0x0000000708000000| Untracked 
| 117|0x0000000708100000, 0x0000000708100000, 0x0000000708200000|  0%| F|  |TAMS 0x0000000708100000, 0x0000000708100000| Untracked 
| 118|0x0000000708200000, 0x0000000708200000, 0x0000000708300000|  0%| F|  |TAMS 0x0000000708200000, 0x0000000708200000| Untracked 
| 119|0x0000000708300000, 0x0000000708300000, 0x0000000708400000|  0%| F|  |TAMS 0x0000000708300000, 0x0000000708300000| Untracked 
| 120|0x0000000708400000, 0x0000000708400000, 0x0000000708500000|  0%| F|  |TAMS 0x0000000708400000, 0x0000000708400000| Untracked 
| 121|0x0000000708500000, 0x0000000708500000, 0x0000000708600000|  0%| F|  |TAMS 0x0000000708500000, 0x0000000708500000| Untracked 
| 122|0x0000000708600000, 0x0000000708600000, 0x0000000708700000|  0%| F|  |TAMS 0x0000000708600000, 0x0000000708600000| Untracked 
| 123|0x0000000708700000, 0x0000000708700000, 0x0000000708800000|  0%| F|  |TAMS 0x0000000708700000, 0x0000000708700000| Untracked 
| 124|0x0000000708800000, 0x0000000708800000, 0x0000000708900000|  0%| F|  |TAMS 0x0000000708800000, 0x0000000708800000| Untracked 
| 125|0x0000000708900000, 0x0000000708900000, 0x0000000708a00000|  0%| F|  |TAMS 0x0000000708900000, 0x0000000708900000| Untracked 
| 126|0x0000000708a00000, 0x0000000708a00000, 0x0000000708b00000|  0%| F|  |TAMS 0x0000000708a00000, 0x0000000708a00000| Untracked 
| 127|0x0000000708b00000, 0x0000000708b00000, 0x0000000708c00000|  0%| F|  |TAMS 0x0000000708b00000, 0x0000000708b00000| Untracked 
| 128|0x0000000708c00000, 0x0000000708c00000, 0x0000000708d00000|  0%| F|  |TAMS 0x0000000708c00000, 0x0000000708c00000| Untracked 
| 129|0x0000000708d00000, 0x0000000708d00000, 0x0000000708e00000|  0%| F|  |TAMS 0x0000000708d00000, 0x0000000708d00000| Untracked 
| 130|0x0000000708e00000, 0x0000000708e00000, 0x0000000708f00000|  0%| F|  |TAMS 0x0000000708e00000, 0x0000000708e00000| Untracked 
| 131|0x0000000708f00000, 0x0000000708f00000, 0x0000000709000000|  0%| F|  |TAMS 0x0000000708f00000, 0x0000000708f00000| Untracked 
| 132|0x0000000709000000, 0x0000000709000000, 0x0000000709100000|  0%| F|  |TAMS 0x0000000709000000, 0x0000000709000000| Untracked 
| 133|0x0000000709100000, 0x0000000709100000, 0x0000000709200000|  0%| F|  |TAMS 0x0000000709100000, 0x0000000709100000| Untracked 
| 134|0x0000000709200000, 0x0000000709200000, 0x0000000709300000|  0%| F|  |TAMS 0x0000000709200000, 0x0000000709200000| Untracked 
| 135|0x0000000709300000, 0x0000000709300000, 0x0000000709400000|  0%| F|  |TAMS 0x0000000709300000, 0x0000000709300000| Untracked 
| 136|0x0000000709400000, 0x0000000709400000, 0x0000000709500000|  0%| F|  |TAMS 0x0000000709400000, 0x0000000709400000| Untracked 
| 137|0x0000000709500000, 0x0000000709500000, 0x0000000709600000|  0%| F|  |TAMS 0x0000000709500000, 0x0000000709500000| Untracked 
| 138|0x0000000709600000, 0x0000000709600000, 0x0000000709700000|  0%| F|  |TAMS 0x0000000709600000, 0x0000000709600000| Untracked 
| 139|0x0000000709700000, 0x0000000709700000, 0x0000000709800000|  0%| F|  |TAMS 0x0000000709700000, 0x0000000709700000| Untracked 
| 140|0x0000000709800000, 0x0000000709800000, 0x0000000709900000|  0%| F|  |TAMS 0x0000000709800000, 0x0000000709800000| Untracked 
| 141|0x0000000709900000, 0x0000000709900000, 0x0000000709a00000|  0%| F|  |TAMS 0x0000000709900000, 0x0000000709900000| Untracked 
| 142|0x0000000709a00000, 0x0000000709a00000, 0x0000000709b00000|  0%| F|  |TAMS 0x0000000709a00000, 0x0000000709a00000| Untracked 
| 143|0x0000000709b00000, 0x0000000709b00000, 0x0000000709c00000|  0%| F|  |TAMS 0x0000000709b00000, 0x0000000709b00000| Untracked 
| 144|0x0000000709c00000, 0x0000000709c00000, 0x0000000709d00000|  0%| F|  |TAMS 0x0000000709c00000, 0x0000000709c00000| Untracked 
| 145|0x0000000709d00000, 0x0000000709d00000, 0x0000000709e00000|  0%| F|  |TAMS 0x0000000709d00000, 0x0000000709d00000| Untracked 
| 146|0x0000000709e00000, 0x0000000709e00000, 0x0000000709f00000|  0%| F|  |TAMS 0x0000000709e00000, 0x0000000709e00000| Untracked 
| 147|0x0000000709f00000, 0x0000000709f00000, 0x000000070a000000|  0%| F|  |TAMS 0x0000000709f00000, 0x0000000709f00000| Untracked 
| 148|0x000000070a000000, 0x000000070a000000, 0x000000070a100000|  0%| F|  |TAMS 0x000000070a000000, 0x000000070a000000| Untracked 
| 149|0x000000070a100000, 0x000000070a100000, 0x000000070a200000|  0%| F|  |TAMS 0x000000070a100000, 0x000000070a100000| Untracked 
| 150|0x000000070a200000, 0x000000070a200000, 0x000000070a300000|  0%| F|  |TAMS 0x000000070a200000, 0x000000070a200000| Untracked 
| 151|0x000000070a300000, 0x000000070a300000, 0x000000070a400000|  0%| F|  |TAMS 0x000000070a300000, 0x000000070a300000| Untracked 
| 152|0x000000070a400000, 0x000000070a400000, 0x000000070a500000|  0%| F|  |TAMS 0x000000070a400000, 0x000000070a400000| Untracked 
| 153|0x000000070a500000, 0x000000070a500000, 0x000000070a600000|  0%| F|  |TAMS 0x000000070a500000, 0x000000070a500000| Untracked 
| 154|0x000000070a600000, 0x000000070a600000, 0x000000070a700000|  0%| F|  |TAMS 0x000000070a600000, 0x000000070a600000| Untracked 
| 155|0x000000070a700000, 0x000000070a700000, 0x000000070a800000|  0%| F|  |TAMS 0x000000070a700000, 0x000000070a700000| Untracked 
| 156|0x000000070a800000, 0x000000070a800000, 0x000000070a900000|  0%| F|  |TAMS 0x000000070a800000, 0x000000070a800000| Untracked 
| 157|0x000000070a900000, 0x000000070a900000, 0x000000070aa00000|  0%| F|  |TAMS 0x000000070a900000, 0x000000070a900000| Untracked 
| 158|0x000000070aa00000, 0x000000070aa00000, 0x000000070ab00000|  0%| F|  |TAMS 0x000000070aa00000, 0x000000070aa00000| Untracked 
| 159|0x000000070ab00000, 0x000000070ab00000, 0x000000070ac00000|  0%| F|  |TAMS 0x000000070ab00000, 0x000000070ab00000| Untracked 
| 160|0x000000070ac00000, 0x000000070ac00000, 0x000000070ad00000|  0%| F|  |TAMS 0x000000070ac00000, 0x000000070ac00000| Untracked 
| 161|0x000000070ad00000, 0x000000070ad00000, 0x000000070ae00000|  0%| F|  |TAMS 0x000000070ad00000, 0x000000070ad00000| Untracked 
| 162|0x000000070ae00000, 0x000000070ae00000, 0x000000070af00000|  0%| F|  |TAMS 0x000000070ae00000, 0x000000070ae00000| Untracked 
| 163|0x000000070af00000, 0x000000070af00000, 0x000000070b000000|  0%| F|  |TAMS 0x000000070af00000, 0x000000070af00000| Untracked 
| 164|0x000000070b000000, 0x000000070b000000, 0x000000070b100000|  0%| F|  |TAMS 0x000000070b000000, 0x000000070b000000| Untracked 
| 165|0x000000070b100000, 0x000000070b100000, 0x000000070b200000|  0%| F|  |TAMS 0x000000070b100000, 0x000000070b100000| Untracked 
| 166|0x000000070b200000, 0x000000070b200000, 0x000000070b300000|  0%| F|  |TAMS 0x000000070b200000, 0x000000070b200000| Untracked 
| 167|0x000000070b300000, 0x000000070b300000, 0x000000070b400000|  0%| F|  |TAMS 0x000000070b300000, 0x000000070b300000| Untracked 
| 168|0x000000070b400000, 0x000000070b400000, 0x000000070b500000|  0%| F|  |TAMS 0x000000070b400000, 0x000000070b400000| Untracked 
| 169|0x000000070b500000, 0x000000070b500000, 0x000000070b600000|  0%| F|  |TAMS 0x000000070b500000, 0x000000070b500000| Untracked 
| 170|0x000000070b600000, 0x000000070b600000, 0x000000070b700000|  0%| F|  |TAMS 0x000000070b600000, 0x000000070b600000| Untracked 
| 171|0x000000070b700000, 0x000000070b700000, 0x000000070b800000|  0%| F|  |TAMS 0x000000070b700000, 0x000000070b700000| Untracked 
| 172|0x000000070b800000, 0x000000070b800000, 0x000000070b900000|  0%| F|  |TAMS 0x000000070b800000, 0x000000070b800000| Untracked 
| 173|0x000000070b900000, 0x000000070b900000, 0x000000070ba00000|  0%| F|  |TAMS 0x000000070b900000, 0x000000070b900000| Untracked 
| 174|0x000000070ba00000, 0x000000070ba00000, 0x000000070bb00000|  0%| F|  |TAMS 0x000000070ba00000, 0x000000070ba00000| Untracked 
| 175|0x000000070bb00000, 0x000000070bb00000, 0x000000070bc00000|  0%| F|  |TAMS 0x000000070bb00000, 0x000000070bb00000| Untracked 
| 176|0x000000070bc00000, 0x000000070bc00000, 0x000000070bd00000|  0%| F|  |TAMS 0x000000070bc00000, 0x000000070bc00000| Untracked 
| 177|0x000000070bd00000, 0x000000070bd00000, 0x000000070be00000|  0%| F|  |TAMS 0x000000070bd00000, 0x000000070bd00000| Untracked 
| 178|0x000000070be00000, 0x000000070be00000, 0x000000070bf00000|  0%| F|  |TAMS 0x000000070be00000, 0x000000070be00000| Untracked 
| 179|0x000000070bf00000, 0x000000070bf00000, 0x000000070c000000|  0%| F|  |TAMS 0x000000070bf00000, 0x000000070bf00000| Untracked 
| 180|0x000000070c000000, 0x000000070c000000, 0x000000070c100000|  0%| F|  |TAMS 0x000000070c000000, 0x000000070c000000| Untracked 
| 181|0x000000070c100000, 0x000000070c100000, 0x000000070c200000|  0%| F|  |TAMS 0x000000070c100000, 0x000000070c100000| Untracked 
| 182|0x000000070c200000, 0x000000070c200000, 0x000000070c300000|  0%| F|  |TAMS 0x000000070c200000, 0x000000070c200000| Untracked 
| 183|0x000000070c300000, 0x000000070c300000, 0x000000070c400000|  0%| F|  |TAMS 0x000000070c300000, 0x000000070c300000| Untracked 
| 184|0x000000070c400000, 0x000000070c400000, 0x000000070c500000|  0%| F|  |TAMS 0x000000070c400000, 0x000000070c400000| Untracked 
| 185|0x000000070c500000, 0x000000070c500000, 0x000000070c600000|  0%| F|  |TAMS 0x000000070c500000, 0x000000070c500000| Untracked 
| 186|0x000000070c600000, 0x000000070c600000, 0x000000070c700000|  0%| F|  |TAMS 0x000000070c600000, 0x000000070c600000| Untracked 
| 187|0x000000070c700000, 0x000000070c700000, 0x000000070c800000|  0%| F|  |TAMS 0x000000070c700000, 0x000000070c700000| Untracked 
| 188|0x000000070c800000, 0x000000070c800000, 0x000000070c900000|  0%| F|  |TAMS 0x000000070c800000, 0x000000070c800000| Untracked 
| 189|0x000000070c900000, 0x000000070c900000, 0x000000070ca00000|  0%| F|  |TAMS 0x000000070c900000, 0x000000070c900000| Untracked 
| 190|0x000000070ca00000, 0x000000070ca00000, 0x000000070cb00000|  0%| F|  |TAMS 0x000000070ca00000, 0x000000070ca00000| Untracked 
| 191|0x000000070cb00000, 0x000000070cb00000, 0x000000070cc00000|  0%| F|  |TAMS 0x000000070cb00000, 0x000000070cb00000| Untracked 
| 192|0x000000070cc00000, 0x000000070cc00000, 0x000000070cd00000|  0%| F|  |TAMS 0x000000070cc00000, 0x000000070cc00000| Untracked 
| 193|0x000000070cd00000, 0x000000070cd00000, 0x000000070ce00000|  0%| F|  |TAMS 0x000000070cd00000, 0x000000070cd00000| Untracked 
| 194|0x000000070ce00000, 0x000000070ce00000, 0x000000070cf00000|  0%| F|  |TAMS 0x000000070ce00000, 0x000000070ce00000| Untracked 
| 195|0x000000070cf00000, 0x000000070cf00000, 0x000000070d000000|  0%| F|  |TAMS 0x000000070cf00000, 0x000000070cf00000| Untracked 
| 196|0x000000070d000000, 0x000000070d000000, 0x000000070d100000|  0%| F|  |TAMS 0x000000070d000000, 0x000000070d000000| Untracked 
| 197|0x000000070d100000, 0x000000070d100000, 0x000000070d200000|  0%| F|  |TAMS 0x000000070d100000, 0x000000070d100000| Untracked 
| 198|0x000000070d200000, 0x000000070d200000, 0x000000070d300000|  0%| F|  |TAMS 0x000000070d200000, 0x000000070d200000| Untracked 
| 199|0x000000070d300000, 0x000000070d300000, 0x000000070d400000|  0%| F|  |TAMS 0x000000070d300000, 0x000000070d300000| Untracked 
| 200|0x000000070d400000, 0x000000070d400000, 0x000000070d500000|  0%| F|  |TAMS 0x000000070d400000, 0x000000070d400000| Untracked 
| 201|0x000000070d500000, 0x000000070d500000, 0x000000070d600000|  0%| F|  |TAMS 0x000000070d500000, 0x000000070d500000| Untracked 
| 202|0x000000070d600000, 0x000000070d600000, 0x000000070d700000|  0%| F|  |TAMS 0x000000070d600000, 0x000000070d600000| Untracked 
| 203|0x000000070d700000, 0x000000070d700000, 0x000000070d800000|  0%| F|  |TAMS 0x000000070d700000, 0x000000070d700000| Untracked 
| 204|0x000000070d800000, 0x000000070d800000, 0x000000070d900000|  0%| F|  |TAMS 0x000000070d800000, 0x000000070d800000| Untracked 
| 205|0x000000070d900000, 0x000000070d900000, 0x000000070da00000|  0%| F|  |TAMS 0x000000070d900000, 0x000000070d900000| Untracked 
| 206|0x000000070da00000, 0x000000070da00000, 0x000000070db00000|  0%| F|  |TAMS 0x000000070da00000, 0x000000070da00000| Untracked 
| 207|0x000000070db00000, 0x000000070db00000, 0x000000070dc00000|  0%| F|  |TAMS 0x000000070db00000, 0x000000070db00000| Untracked 
| 208|0x000000070dc00000, 0x000000070dc00000, 0x000000070dd00000|  0%| F|  |TAMS 0x000000070dc00000, 0x000000070dc00000| Untracked 
| 209|0x000000070dd00000, 0x000000070dd00000, 0x000000070de00000|  0%| F|  |TAMS 0x000000070dd00000, 0x000000070dd00000| Untracked 
| 210|0x000000070de00000, 0x000000070de00000, 0x000000070df00000|  0%| F|  |TAMS 0x000000070de00000, 0x000000070de00000| Untracked 
| 211|0x000000070df00000, 0x000000070df00000, 0x000000070e000000|  0%| F|  |TAMS 0x000000070df00000, 0x000000070df00000| Untracked 
| 212|0x000000070e000000, 0x000000070e000000, 0x000000070e100000|  0%| F|  |TAMS 0x000000070e000000, 0x000000070e000000| Untracked 
| 213|0x000000070e100000, 0x000000070e100000, 0x000000070e200000|  0%| F|  |TAMS 0x000000070e100000, 0x000000070e100000| Untracked 
| 214|0x000000070e200000, 0x000000070e200000, 0x000000070e300000|  0%| F|  |TAMS 0x000000070e200000, 0x000000070e200000| Untracked 
| 215|0x000000070e300000, 0x000000070e300000, 0x000000070e400000|  0%| F|  |TAMS 0x000000070e300000, 0x000000070e300000| Untracked 
| 216|0x000000070e400000, 0x000000070e400000, 0x000000070e500000|  0%| F|  |TAMS 0x000000070e400000, 0x000000070e400000| Untracked 
| 217|0x000000070e500000, 0x000000070e500000, 0x000000070e600000|  0%| F|  |TAMS 0x000000070e500000, 0x000000070e500000| Untracked 
| 218|0x000000070e600000, 0x000000070e600000, 0x000000070e700000|  0%| F|  |TAMS 0x000000070e600000, 0x000000070e600000| Untracked 
| 219|0x000000070e700000, 0x000000070e700000, 0x000000070e800000|  0%| F|  |TAMS 0x000000070e700000, 0x000000070e700000| Untracked 
| 220|0x000000070e800000, 0x000000070e800000, 0x000000070e900000|  0%| F|  |TAMS 0x000000070e800000, 0x000000070e800000| Untracked 
| 221|0x000000070e900000, 0x000000070e900000, 0x000000070ea00000|  0%| F|  |TAMS 0x000000070e900000, 0x000000070e900000| Untracked 
| 222|0x000000070ea00000, 0x000000070ea00000, 0x000000070eb00000|  0%| F|  |TAMS 0x000000070ea00000, 0x000000070ea00000| Untracked 
| 223|0x000000070eb00000, 0x000000070eb00000, 0x000000070ec00000|  0%| F|  |TAMS 0x000000070eb00000, 0x000000070eb00000| Untracked 
| 224|0x000000070ec00000, 0x000000070ec00000, 0x000000070ed00000|  0%| F|  |TAMS 0x000000070ec00000, 0x000000070ec00000| Untracked 
| 225|0x000000070ed00000, 0x000000070ed00000, 0x000000070ee00000|  0%| F|  |TAMS 0x000000070ed00000, 0x000000070ed00000| Untracked 
| 226|0x000000070ee00000, 0x000000070ee29418, 0x000000070ef00000| 16%| S|CS|TAMS 0x000000070ee00000, 0x000000070ee00000| Complete 
| 227|0x000000070ef00000, 0x000000070f000000, 0x000000070f000000|100%| S|CS|TAMS 0x000000070ef00000, 0x000000070ef00000| Complete 
| 228|0x000000070f000000, 0x000000070f100000, 0x000000070f100000|100%| S|CS|TAMS 0x000000070f000000, 0x000000070f000000| Complete 
| 229|0x000000070f100000, 0x000000070f100000, 0x000000070f200000|  0%| F|  |TAMS 0x000000070f100000, 0x000000070f100000| Untracked 
| 230|0x000000070f200000, 0x000000070f200000, 0x000000070f300000|  0%| F|  |TAMS 0x000000070f200000, 0x000000070f200000| Untracked 
| 231|0x000000070f300000, 0x000000070f380800, 0x000000070f400000| 50%| E|  |TAMS 0x000000070f300000, 0x000000070f300000| Complete 
| 232|0x000000070f400000, 0x000000070f500000, 0x000000070f500000|100%| S|CS|TAMS 0x000000070f400000, 0x000000070f400000| Complete 
| 233|0x000000070f500000, 0x000000070f600000, 0x000000070f600000|100%| S|CS|TAMS 0x000000070f500000, 0x000000070f500000| Complete 
| 234|0x000000070f600000, 0x000000070f700000, 0x000000070f700000|100%| S|CS|TAMS 0x000000070f600000, 0x000000070f600000| Complete 
| 235|0x000000070f700000, 0x000000070f800000, 0x000000070f800000|100%| E|CS|TAMS 0x000000070f700000, 0x000000070f700000| Complete 
| 236|0x000000070f800000, 0x000000070f900000, 0x000000070f900000|100%| E|CS|TAMS 0x000000070f800000, 0x000000070f800000| Complete 
| 237|0x000000070f900000, 0x000000070fa00000, 0x000000070fa00000|100%| E|CS|TAMS 0x000000070f900000, 0x000000070f900000| Complete 
| 238|0x000000070fa00000, 0x000000070fb00000, 0x000000070fb00000|100%| E|CS|TAMS 0x000000070fa00000, 0x000000070fa00000| Complete 
| 239|0x000000070fb00000, 0x000000070fc00000, 0x000000070fc00000|100%| E|CS|TAMS 0x000000070fb00000, 0x000000070fb00000| Complete 
| 240|0x000000070fc00000, 0x000000070fd00000, 0x000000070fd00000|100%| E|CS|TAMS 0x000000070fc00000, 0x000000070fc00000| Complete 
| 241|0x000000070fd00000, 0x000000070fe00000, 0x000000070fe00000|100%| E|CS|TAMS 0x000000070fd00000, 0x000000070fd00000| Complete 
| 242|0x000000070fe00000, 0x000000070ff00000, 0x000000070ff00000|100%| E|CS|TAMS 0x000000070fe00000, 0x000000070fe00000| Complete 
| 243|0x000000070ff00000, 0x0000000710000000, 0x0000000710000000|100%| E|CS|TAMS 0x000000070ff00000, 0x000000070ff00000| Complete 
| 244|0x0000000710000000, 0x0000000710100000, 0x0000000710100000|100%| E|CS|TAMS 0x0000000710000000, 0x0000000710000000| Complete 
| 245|0x0000000710100000, 0x0000000710200000, 0x0000000710200000|100%| E|CS|TAMS 0x0000000710100000, 0x0000000710100000| Complete 
| 246|0x0000000710200000, 0x0000000710300000, 0x0000000710300000|100%| E|CS|TAMS 0x0000000710200000, 0x0000000710200000| Complete 
| 247|0x0000000710300000, 0x0000000710400000, 0x0000000710400000|100%| E|CS|TAMS 0x0000000710300000, 0x0000000710300000| Complete 
| 248|0x0000000710400000, 0x0000000710500000, 0x0000000710500000|100%| E|CS|TAMS 0x0000000710400000, 0x0000000710400000| Complete 
| 249|0x0000000710500000, 0x0000000710600000, 0x0000000710600000|100%| E|CS|TAMS 0x0000000710500000, 0x0000000710500000| Complete 
| 250|0x0000000710600000, 0x0000000710700000, 0x0000000710700000|100%| E|CS|TAMS 0x0000000710600000, 0x0000000710600000| Complete 
| 251|0x0000000710700000, 0x0000000710800000, 0x0000000710800000|100%| E|CS|TAMS 0x0000000710700000, 0x0000000710700000| Complete 
| 252|0x0000000710800000, 0x0000000710900000, 0x0000000710900000|100%| E|CS|TAMS 0x0000000710800000, 0x0000000710800000| Complete 
| 253|0x0000000710900000, 0x0000000710a00000, 0x0000000710a00000|100%| E|CS|TAMS 0x0000000710900000, 0x0000000710900000| Complete 
| 254|0x0000000710a00000, 0x0000000710b00000, 0x0000000710b00000|100%| E|CS|TAMS 0x0000000710a00000, 0x0000000710a00000| Complete 
| 255|0x0000000710b00000, 0x0000000710c00000, 0x0000000710c00000|100%| E|CS|TAMS 0x0000000710b00000, 0x0000000710b00000| Complete 

Card table byte_map: [0x000002d9da820000,0x000002d9db020000] _byte_map_base: 0x000002d9d701a000

Marking Bits (Prev, Next): (CMBitMap*) 0x000002d9c24dcd20, (CMBitMap*) 0x000002d9c24dcce8
 Prev Bits: [0x000002d9df7f0000, 0x000002d9e37c0000)
 Next Bits: [0x000002d9db820000, 0x000002d9df7f0000)

Polling page: 0x000002d9c0470000

Metaspace:

Usage:
  Non-class:     22.72 MB capacity,    22.36 MB ( 98%) used,   303.86 KB (  1%) free+waste,    67.69 KB ( <1%) overhead. 
      Class:      3.10 MB capacity,     2.87 MB ( 93%) used,   203.56 KB (  6%) free+waste,    32.44 KB (  1%) overhead. 
       Both:     25.82 MB capacity,    25.23 MB ( 98%) used,   507.42 KB (  2%) free+waste,   100.13 KB ( <1%) overhead. 

Virtual space:
  Non-class space:       26.00 MB reserved,      22.92 MB ( 88%) committed 
      Class space:        1.00 GB reserved,       3.13 MB ( <1%) committed 
             Both:        1.03 GB reserved,      26.05 MB (  2%) committed 

Chunk freelists:
   Non-Class:  15.00 KB
       Class:  23.00 KB
        Both:  38.00 KB

MaxMetaspaceSize: 17179869184.00 GB
CompressedClassSpaceSize: 1.00 GB

CodeHeap 'non-profiled nmethods': size=120000Kb used=738Kb max_used=738Kb free=119261Kb
 bounds [0x000002d9d25a0000, 0x000002d9d2810000, 0x000002d9d9ad0000]
CodeHeap 'profiled nmethods': size=120000Kb used=3816Kb max_used=3816Kb free=116183Kb
 bounds [0x000002d9cb070000, 0x000002d9cb430000, 0x000002d9d25a0000]
CodeHeap 'non-nmethods': size=5760Kb used=1129Kb max_used=1147Kb free=4630Kb
 bounds [0x000002d9caad0000, 0x000002d9cad40000, 0x000002d9cb070000]
 total_blobs=2412 nmethods=1959 adapters=364
 compilation: enabled
              stopped_count=0, restarted_count=0
 full_count=0

Compilation events (20 events):
Event: 16.437 Thread 0x000002d9e6e81000 nmethod 1896 0x000002d9cb408910 code [0x000002d9cb408ac0, 0x000002d9cb408c68]
Event: 16.437 Thread 0x000002d9e6e81000 1893       3       sun.reflect.generics.parser.SignatureParser::parseClassTypeSignature (118 bytes)
Event: 16.438 Thread 0x000002d9e6e81000 nmethod 1893 0x000002d9cb408d10 code [0x000002d9cb409140, 0x000002d9cb40aab8]
Event: 16.438 Thread 0x000002d9e6e81000 1897       3       java.lang.reflect.Modifier::isAbstract (14 bytes)
Event: 16.438 Thread 0x000002d9e6e81000 nmethod 1897 0x000002d9cb40b410 code [0x000002d9cb40b5c0, 0x000002d9cb40b6f8]
Event: 16.438 Thread 0x000002d9e6e81000 1895       3       sun.reflect.generics.tree.ClassTypeSignature::make (9 bytes)
Event: 16.438 Thread 0x000002d9e6e81000 nmethod 1895 0x000002d9cb40b790 code [0x000002d9cb40b960, 0x000002d9cb40bbb8]
Event: 16.438 Thread 0x000002d9e6e81000 1901       1       java.lang.reflect.Method::getAnnotationBytes (5 bytes)
Event: 16.438 Thread 0x000002d9e6e81000 nmethod 1901 0x000002d9d2652110 code [0x000002d9d26522c0, 0x000002d9d2652378]
Event: 16.438 Thread 0x000002d9e6e81000 1898       1       sun.reflect.annotation.AnnotationType::memberTypes (5 bytes)
Event: 16.438 Thread 0x000002d9e6e81000 nmethod 1898 0x000002d9d2652410 code [0x000002d9d26525c0, 0x000002d9d2652678]
Event: 16.438 Thread 0x000002d9e6e81000 1899       1       sun.reflect.annotation.AnnotationType::memberDefaults (5 bytes)
Event: 16.438 Thread 0x000002d9e6e81000 nmethod 1899 0x000002d9d2652710 code [0x000002d9d26528c0, 0x000002d9d2652978]
Event: 16.438 Thread 0x000002d9e6e81000 1900       1       sun.reflect.annotation.AnnotationType::retention (5 bytes)
Event: 16.438 Thread 0x000002d9e6e81000 nmethod 1900 0x000002d9d2652a10 code [0x000002d9d2652bc0, 0x000002d9d2652c78]
Event: 16.439 Thread 0x000002d9e6e81000 1903       3       com.fasterxml.jackson.databind.introspect.AnnotatedMember::getAnnotation (18 bytes)
Event: 16.439 Thread 0x000002d9e6e81000 nmethod 1903 0x000002d9cb40bc90 code [0x000002d9cb40be60, 0x000002d9cb40c248]
Event: 16.439 Thread 0x000002d9e6e81000 1904       3       com.fasterxml.jackson.databind.introspect.AnnotationMap::get (21 bytes)
Event: 16.439 Thread 0x000002d9e6e81000 nmethod 1904 0x000002d9cb40c390 code [0x000002d9cb40c560, 0x000002d9cb40c8a8]
Event: 16.439 Thread 0x000002d9e6e81000 1905       3       com.fasterxml.jackson.databind.AnnotationIntrospector::_findAnnotation (6 bytes)

GC Heap History (4 events):
Event: 0.376 GC heap before
{Heap before GC invocations=0 (full 0):
 garbage-first heap   total 262144K, used 23552K [0x0000000700c00000, 0x0000000800000000)
  region size 1024K, 24 young (24576K), 0 survivors (0K)
 Metaspace       used 13926K, capacity 14130K, committed 14208K, reserved 1062912K
  class space    used 1348K, capacity 1385K, committed 1408K, reserved 1048576K
}
Event: 0.379 GC heap after
{Heap after GC invocations=1 (full 0):
 garbage-first heap   total 262144K, used 4074K [0x0000000700c00000, 0x0000000800000000)
  region size 1024K, 3 young (3072K), 3 survivors (3072K)
 Metaspace       used 13926K, capacity 14130K, committed 14208K, reserved 1062912K
  class space    used 1348K, capacity 1385K, committed 1408K, reserved 1048576K
}
Event: 0.679 GC heap before
{Heap before GC invocations=1 (full 0):
 garbage-first heap   total 262144K, used 24554K [0x0000000700c00000, 0x0000000800000000)
  region size 1024K, 24 young (24576K), 3 survivors (3072K)
 Metaspace       used 20863K, capacity 21241K, committed 21296K, reserved 1069056K
  class space    used 2279K, capacity 2411K, committed 2432K, reserved 1048576K
}
Event: 0.685 GC heap after
{Heap after GC invocations=2 (full 0):
 garbage-first heap   total 262144K, used 6287K [0x0000000700c00000, 0x0000000800000000)
  region size 1024K, 6 young (6144K), 6 survivors (6144K)
 Metaspace       used 20863K, capacity 21241K, committed 21296K, reserved 1069056K
  class space    used 2279K, capacity 2411K, committed 2432K, reserved 1048576K
}

Deoptimization events (20 events):
Event: 16.413 Thread 0x000002d9c2479000 DEOPT PACKING pc=0x000002d9d25f28b4 sp=0x000000de0cbfe530
Event: 16.413 Thread 0x000002d9c2479000 DEOPT UNPACKING pc=0x000002d9caaf772f sp=0x000000de0cbfe4b8 mode 2
Event: 16.432 Thread 0x000002d9c2479000 DEOPT PACKING pc=0x000002d9cb0feb4c sp=0x000000de0cbfd190
Event: 16.432 Thread 0x000002d9c2479000 DEOPT UNPACKING pc=0x000002d9caaf754e sp=0x000000de0cbfc6a8 mode 0
Event: 16.436 Thread 0x000002d9c2479000 Uncommon trap: trap_request=0xffffffc6 fr.pc=0x000002d9d261c91c relative=0x0000000000000fbc
Event: 16.436 Thread 0x000002d9c2479000 Uncommon trap: reason=bimorphic_or_optimized_type_check action=maybe_recompile pc=0x000002d9d261c91c method=java.util.HashMap.putVal(ILjava/lang/Object;Ljava/lang/Object;ZZ)Ljava/lang/Object; @ 203 c2
Event: 16.436 Thread 0x000002d9c2479000 DEOPT PACKING pc=0x000002d9d261c91c sp=0x000000de0cbfdd30
Event: 16.436 Thread 0x000002d9c2479000 DEOPT UNPACKING pc=0x000002d9caaf772f sp=0x000000de0cbfdc88 mode 2
Event: 16.436 Thread 0x000002d9c2479000 Uncommon trap: trap_request=0xffffffc6 fr.pc=0x000002d9d261c91c relative=0x0000000000000fbc
Event: 16.436 Thread 0x000002d9c2479000 Uncommon trap: reason=bimorphic_or_optimized_type_check action=maybe_recompile pc=0x000002d9d261c91c method=java.util.HashMap.putVal(ILjava/lang/Object;Ljava/lang/Object;ZZ)Ljava/lang/Object; @ 203 c2
Event: 16.436 Thread 0x000002d9c2479000 DEOPT PACKING pc=0x000002d9d261c91c sp=0x000000de0cbfdd30
Event: 16.436 Thread 0x000002d9c2479000 DEOPT UNPACKING pc=0x000002d9caaf772f sp=0x000000de0cbfdc88 mode 2
Event: 16.436 Thread 0x000002d9c2479000 Uncommon trap: trap_request=0xffffffc6 fr.pc=0x000002d9d261c954 relative=0x0000000000000ff4
Event: 16.436 Thread 0x000002d9c2479000 Uncommon trap: reason=bimorphic_or_optimized_type_check action=maybe_recompile pc=0x000002d9d261c954 method=java.util.HashMap.putVal(ILjava/lang/Object;Ljava/lang/Object;ZZ)Ljava/lang/Object; @ 91 c2
Event: 16.436 Thread 0x000002d9c2479000 DEOPT PACKING pc=0x000002d9d261c954 sp=0x000000de0cbfdd30
Event: 16.436 Thread 0x000002d9c2479000 DEOPT UNPACKING pc=0x000002d9caaf772f sp=0x000000de0cbfdc88 mode 2
Event: 16.436 Thread 0x000002d9c2479000 Uncommon trap: trap_request=0xffffffc6 fr.pc=0x000002d9d261c954 relative=0x0000000000000ff4
Event: 16.436 Thread 0x000002d9c2479000 Uncommon trap: reason=bimorphic_or_optimized_type_check action=maybe_recompile pc=0x000002d9d261c954 method=java.util.HashMap.putVal(ILjava/lang/Object;Ljava/lang/Object;ZZ)Ljava/lang/Object; @ 91 c2
Event: 16.436 Thread 0x000002d9c2479000 DEOPT PACKING pc=0x000002d9d261c954 sp=0x000000de0cbfdd30
Event: 16.436 Thread 0x000002d9c2479000 DEOPT UNPACKING pc=0x000002d9caaf772f sp=0x000000de0cbfdc88 mode 2

Classes redefined (0 events):
No events

Internal exceptions (20 events):
Event: 1.263 Thread 0x000002d9c2479000 Exception <a 'java/lang/NoSuchMethodError'{0x00000007104b7670}: 'int java.lang.invoke.DirectMethodHandle$Holder.invokeVirtual(java.lang.Object, java.lang.Object)'> (0x00000007104b7670) thrown at [./src/hotspot/share/interpreter/linkResolver.cpp, line 773]
Event: 1.263 Thread 0x000002d9c2479000 Exception <a 'java/lang/NoSuchMethodError'{0x00000007104bd420}: 'double java.lang.invoke.DirectMethodHandle$Holder.invokeVirtual(java.lang.Object, java.lang.Object)'> (0x00000007104bd420) thrown at [./src/hotspot/share/interpreter/linkResolver.cpp, line 773]
Event: 1.264 Thread 0x000002d9c2479000 Exception <a 'java/lang/NoSuchMethodError'{0x00000007104c3460}: 'float java.lang.invoke.DirectMethodHandle$Holder.invokeVirtual(java.lang.Object, java.lang.Object)'> (0x00000007104c3460) thrown at [./src/hotspot/share/interpreter/linkResolver.cpp, line 773]
Event: 1.264 Thread 0x000002d9c2479000 Exception <a 'java/lang/NoSuchMethodError'{0x00000007104cbc48}: 'long java.lang.invoke.DirectMethodHandle$Holder.invokeVirtual(java.lang.Object, java.lang.Object)'> (0x00000007104cbc48) thrown at [./src/hotspot/share/interpreter/linkResolver.cpp, line 773]
Event: 1.302 Thread 0x000002d9c2479000 Exception <a 'java/lang/NoSuchMethodError'{0x000000071006fe40}: 'void java.lang.invoke.DirectMethodHandle$Holder.invokeStatic(java.lang.Object, java.lang.Object, java.lang.Object, java.lang.Object, java.lang.Object)'> (0x000000071006fe40) thrown at [./src/hotspot/share/interpreter/linkResolver.cpp, line 773]
Event: 16.405 Thread 0x000002d9c2479000 Exception <a 'java/lang/NoSuchMethodError'{0x000000070fa8e740}: 'java.lang.Object java.lang.invoke.DirectMethodHandle$Holder.invokeSpecialIFC(java.lang.Object, java.lang.Object, java.lang.Object)'> (0x000000070fa8e740) thrown at [./src/hotspot/share/interpreter/linkResolver.cpp, line 773]
Event: 16.409 Thread 0x000002d9c2479000 Exception <a 'java/lang/ClassNotFoundException'{0x000000070faca230}: sun/misc/SharedSecrets> (0x000000070faca230) thrown at [./src/hotspot/share/classfile/systemDictionary.cpp, line 231]
Event: 16.409 Thread 0x000002d9c2479000 Exception <a 'java/lang/reflect/InvocationTargetException'{0x000000070facaa50}> (0x000000070facaa50) thrown at [./src/hotspot/share/runtime/reflection.cpp, line 1247]
Event: 16.412 Thread 0x000002d9c2479000 Exception <a 'java/lang/IncompatibleClassChangeError'{0x000000070f903308}: Found class java.lang.Object, but interface was expected> (0x000000070f903308) thrown at [./src/hotspot/share/interpreter/linkResolver.cpp, line 839]
Event: 16.412 Thread 0x000002d9c2479000 Exception <a 'java/lang/IncompatibleClassChangeError'{0x000000070f906250}: Found class java.lang.Object, but interface was expected> (0x000000070f906250) thrown at [./src/hotspot/share/interpreter/linkResolver.cpp, line 839]
Event: 16.413 Thread 0x000002d9c2479000 Exception <a 'java/lang/IncompatibleClassChangeError'{0x000000070f913488}: Found class java.lang.Object, but interface was expected> (0x000000070f913488) thrown at [./src/hotspot/share/interpreter/linkResolver.cpp, line 839]
Event: 16.413 Thread 0x000002d9c2479000 Exception <a 'java/lang/IncompatibleClassChangeError'{0x000000070f9163d0}: Found class java.lang.Object, but interface was expected> (0x000000070f9163d0) thrown at [./src/hotspot/share/interpreter/linkResolver.cpp, line 839]
Event: 16.413 Thread 0x000002d9c2479000 Exception <a 'java/lang/IncompatibleClassChangeError'{0x000000070f919f98}: Found class java.lang.Object, but interface was expected> (0x000000070f919f98) thrown at [./src/hotspot/share/interpreter/linkResolver.cpp, line 839]
Event: 16.414 Thread 0x000002d9c2479000 Exception <a 'java/lang/IncompatibleClassChangeError'{0x000000070f91cf68}: Found class java.lang.Object, but interface was expected> (0x000000070f91cf68) thrown at [./src/hotspot/share/interpreter/linkResolver.cpp, line 839]
Event: 16.421 Thread 0x000002d9c2479000 Exception <a 'java/lang/IncompatibleClassChangeError'{0x000000070f9ad1a0}: Found class java.lang.Object, but interface was expected> (0x000000070f9ad1a0) thrown at [./src/hotspot/share/interpreter/linkResolver.cpp, line 839]
Event: 16.421 Thread 0x000002d9c2479000 Exception <a 'java/lang/IncompatibleClassChangeError'{0x000000070f9b0100}: Found class java.lang.Object, but interface was expected> (0x000000070f9b0100) thrown at [./src/hotspot/share/interpreter/linkResolver.cpp, line 839]
Event: 16.422 Thread 0x000002d9c2479000 Exception <a 'java/lang/IncompatibleClassChangeError'{0x000000070f9b3090}: Found class java.lang.Object, but interface was expected> (0x000000070f9b3090) thrown at [./src/hotspot/share/interpreter/linkResolver.cpp, line 839]
Event: 16.422 Thread 0x000002d9c2479000 Exception <a 'java/lang/IncompatibleClassChangeError'{0x000000070f9b60d0}: Found class java.lang.Object, but interface was expected> (0x000000070f9b60d0) thrown at [./src/hotspot/share/interpreter/linkResolver.cpp, line 839]
Event: 16.422 Thread 0x000002d9c2479000 Exception <a 'java/lang/IncompatibleClassChangeError'{0x000000070f9b9128}: Found class java.lang.Object, but interface was expected> (0x000000070f9b9128) thrown at [./src/hotspot/share/interpreter/linkResolver.cpp, line 839]
Event: 16.422 Thread 0x000002d9c2479000 Exception <a 'sun/nio/fs/WindowsException'{0x000000070f9bc290}> (0x000000070f9bc290) thrown at [./src/hotspot/share/prims/jni.cpp, line 615]

Events (20 events):
Event: 16.433 loading class io/qameta/allure/model/Attachment done
Event: 16.433 loading class com/fasterxml/jackson/databind/introspect/MemberKey
Event: 16.433 loading class com/fasterxml/jackson/databind/introspect/MemberKey done
Event: 16.434 loading class com/fasterxml/jackson/databind/introspect/AnnotatedMethodCollector$MethodBuilder
Event: 16.434 loading class com/fasterxml/jackson/databind/introspect/AnnotatedMethodCollector$MethodBuilder done
Event: 16.434 loading class com/fasterxml/jackson/annotation/JsonProperty$Access
Event: 16.434 loading class com/fasterxml/jackson/annotation/JsonProperty$Access done
Event: 16.434 loading class com/fasterxml/jackson/annotation/JacksonAnnotation
Event: 16.434 loading class com/fasterxml/jackson/annotation/JacksonAnnotation done
Event: 16.436 Thread 0x000002d9e819d800 Thread added: 0x000002d9e819d800
Event: 16.438 loading class com/fasterxml/jackson/databind/introspect/AnnotatedMethodMap
Event: 16.438 loading class com/fasterxml/jackson/databind/introspect/AnnotatedMethodMap done
Event: 16.438 loading class com/fasterxml/jackson/annotation/JsonSetter
Event: 16.438 loading class com/fasterxml/jackson/annotation/JsonSetter done
Event: 16.438 loading class com/fasterxml/jackson/databind/util/BeanUtil
Event: 16.438 loading class com/fasterxml/jackson/databind/util/BeanUtil done
Event: 16.439 loading class com/fasterxml/jackson/annotation/JsonAnyGetter
Event: 16.439 loading class com/fasterxml/jackson/annotation/JsonAnyGetter done
Event: 16.439 loading class com/fasterxml/jackson/databind/introspect/AnnotatedCreatorCollector
Event: 16.439 loading class com/fasterxml/jackson/databind/introspect/AnnotatedCreatorCollector done


Dynamic libraries:
0x00007ff7ffcc0000 - 0x00007ff7ffccd000 	C:\Users\VXDimaS\.jdks\adopt-openjdk-11.0.8\bin\java.exe
0x00007ffc99af0000 - 0x00007ffc99cdd000 	C:\Windows\SYSTEM32\ntdll.dll
0x00007ffc97590000 - 0x00007ffc97643000 	C:\Windows\System32\KERNEL32.DLL
0x00007ffc963b0000 - 0x00007ffc96643000 	C:\Windows\System32\KERNELBASE.dll
0x00007ffc96b30000 - 0x00007ffc96c2a000 	C:\Windows\System32\ucrtbase.dll
0x00007ffc92410000 - 0x00007ffc92427000 	C:\Users\VXDimaS\.jdks\adopt-openjdk-11.0.8\bin\jli.dll
0x00007ffc8f5a0000 - 0x00007ffc8f5b5000 	C:\Users\VXDimaS\.jdks\adopt-openjdk-11.0.8\bin\VCRUNTIME140.dll
0x00007ffc97b90000 - 0x00007ffc97d27000 	C:\Windows\System32\USER32.dll
0x00007ffc95bc0000 - 0x00007ffc95be0000 	C:\Windows\System32\win32u.dll
0x00007ffc85020000 - 0x00007ffc85299000 	C:\Windows\WinSxS\amd64_microsoft.windows.common-controls_6595b64144ccf1df_6.0.17763.475_none_05b43ca607202c6c\COMCTL32.dll
0x00007ffc97780000 - 0x00007ffc977a9000 	C:\Windows\System32\GDI32.dll
0x00007ffc97850000 - 0x00007ffc978ee000 	C:\Windows\System32\msvcrt.dll
0x00007ffc966b0000 - 0x00007ffc9684a000 	C:\Windows\System32\gdi32full.dll
0x00007ffc97ed0000 - 0x00007ffc981fc000 	C:\Windows\System32\combase.dll
0x00007ffc96c30000 - 0x00007ffc96cd0000 	C:\Windows\System32\msvcp_win.dll
0x00007ffc97650000 - 0x00007ffc97772000 	C:\Windows\System32\RPCRT4.dll
0x00007ffc95be0000 - 0x00007ffc95c5e000 	C:\Windows\System32\bcryptPrimitives.dll
0x00007ffc979c0000 - 0x00007ffc979ee000 	C:\Windows\System32\IMM32.DLL
0x00007ffc7ac30000 - 0x00007ffc7accb000 	C:\Users\VXDimaS\.jdks\adopt-openjdk-11.0.8\bin\msvcp140.dll
0x00007ffc59980000 - 0x00007ffc5a43d000 	C:\Users\VXDimaS\.jdks\adopt-openjdk-11.0.8\bin\server\jvm.dll
0x00007ffc96d20000 - 0x00007ffc96dc3000 	C:\Windows\System32\ADVAPI32.dll
0x00007ffc977b0000 - 0x00007ffc9784e000 	C:\Windows\System32\sechost.dll
0x00007ffc98200000 - 0x00007ffc98208000 	C:\Windows\System32\PSAPI.DLL
0x00007ffc91bd0000 - 0x00007ffc91bd9000 	C:\Windows\SYSTEM32\WSOCK32.dll
0x00007ffc86d30000 - 0x00007ffc86d54000 	C:\Windows\SYSTEM32\WINMM.dll
0x00007ffc90cc0000 - 0x00007ffc90cca000 	C:\Windows\SYSTEM32\VERSION.dll
0x00007ffc979f0000 - 0x00007ffc97a5d000 	C:\Windows\System32\WS2_32.dll
0x00007ffc8bb30000 - 0x00007ffc8bb5d000 	C:\Windows\SYSTEM32\winmmbase.dll
0x00007ffc96ae0000 - 0x00007ffc96b2a000 	C:\Windows\System32\cfgmgr32.dll
0x00007ffc95af0000 - 0x00007ffc95b01000 	C:\Windows\System32\kernel.appcore.dll
0x00007ffc92560000 - 0x00007ffc92570000 	C:\Users\VXDimaS\.jdks\adopt-openjdk-11.0.8\bin\verify.dll
0x00007ffc89330000 - 0x00007ffc8951d000 	C:\Windows\SYSTEM32\DBGHELP.DLL
0x00007ffc88fa0000 - 0x00007ffc88fca000 	C:\Windows\SYSTEM32\dbgcore.DLL
0x00007ffc8f570000 - 0x00007ffc8f598000 	C:\Users\VXDimaS\.jdks\adopt-openjdk-11.0.8\bin\java.dll
0x00007ffc923d0000 - 0x00007ffc923da000 	C:\Users\VXDimaS\.jdks\adopt-openjdk-11.0.8\bin\jimage.dll
0x00007ffc91a40000 - 0x00007ffc91a4e000 	C:\Users\VXDimaS\.jdks\adopt-openjdk-11.0.8\bin\instrument.dll
0x00007ffc8f550000 - 0x00007ffc8f567000 	C:\Users\VXDimaS\.jdks\adopt-openjdk-11.0.8\bin\zip.dll
0x00007ffc98520000 - 0x00007ffc99a10000 	C:\Windows\System32\SHELL32.dll
0x00007ffc97a60000 - 0x00007ffc97b08000 	C:\Windows\System32\shcore.dll
0x00007ffc95c60000 - 0x00007ffc963aa000 	C:\Windows\System32\windows.storage.dll
0x00007ffc95b70000 - 0x00007ffc95b94000 	C:\Windows\System32\profapi.dll
0x00007ffc95b10000 - 0x00007ffc95b6d000 	C:\Windows\System32\powrprof.dll
0x00007ffc97e70000 - 0x00007ffc97ec2000 	C:\Windows\System32\shlwapi.dll
0x00007ffc96cd0000 - 0x00007ffc96ce7000 	C:\Windows\System32\cryptsp.dll
0x00007ffc8f450000 - 0x00007ffc8f469000 	C:\Users\VXDimaS\.jdks\adopt-openjdk-11.0.8\bin\net.dll
0x00007ffc91c00000 - 0x00007ffc91cf1000 	C:\Windows\SYSTEM32\WINHTTP.dll
0x00007ffc95370000 - 0x00007ffc953d7000 	C:\Windows\system32\mswsock.dll
0x00007ffc8ebb0000 - 0x00007ffc8ebc2000 	C:\Users\VXDimaS\.jdks\adopt-openjdk-11.0.8\bin\nio.dll
0x00007ffc8ce80000 - 0x00007ffc8ce9a000 	E:\Programming\JAVA IDE\bin\breakgen64.dll
0x00007ffc94f30000 - 0x00007ffc94f63000 	C:\Windows\system32\rsaenh.dll
0x00007ffc96cf0000 - 0x00007ffc96d16000 	C:\Windows\System32\bcrypt.dll
0x00007ffc959f0000 - 0x00007ffc95a18000 	C:\Windows\SYSTEM32\USERENV.dll
0x00007ffc95540000 - 0x00007ffc9554c000 	C:\Windows\SYSTEM32\CRYPTBASE.dll
0x00007ffc950d0000 - 0x00007ffc9510d000 	C:\Windows\SYSTEM32\IPHLPAPI.DLL
0x00007ffc97d30000 - 0x00007ffc97d38000 	C:\Windows\System32\NSI.dll
0x00007ffc90c20000 - 0x00007ffc90c36000 	C:\Windows\SYSTEM32\dhcpcsvc6.DLL
0x00007ffc90c00000 - 0x00007ffc90c1c000 	C:\Windows\SYSTEM32\dhcpcsvc.DLL
0x00007ffc95110000 - 0x00007ffc951d6000 	C:\Windows\SYSTEM32\DNSAPI.dll
0x00007ffc81c30000 - 0x00007ffc81c46000 	C:\Windows\system32\napinsp.dll
0x00007ffc81ad0000 - 0x00007ffc81aea000 	C:\Windows\system32\pnrpnsp.dll
0x00007ffc81ac0000 - 0x00007ffc81ace000 	C:\Windows\System32\winrnr.dll
0x00007ffc923e0000 - 0x00007ffc923fb000 	C:\Windows\system32\NLAapi.dll
0x00007ffc81aa0000 - 0x00007ffc81ab5000 	C:\Windows\system32\wshbth.dll
0x00007ffc8c580000 - 0x00007ffc8c58a000 	C:\Windows\System32\rasadhlp.dll
0x00007ffc8cbd0000 - 0x00007ffc8cc49000 	C:\Windows\System32\fwpuclnt.dll
0x00007ffc91a30000 - 0x00007ffc91a39000 	C:\Users\VXDimaS\.jdks\adopt-openjdk-11.0.8\bin\management.dll
0x00007ffc91a20000 - 0x00007ffc91a2b000 	C:\Users\VXDimaS\.jdks\adopt-openjdk-11.0.8\bin\management_ext.dll
0x00007ffc8cf20000 - 0x00007ffc8cf45000 	C:\Users\VXDimaS\.jdks\adopt-openjdk-11.0.8\bin\sunec.dll
0x00007ffc8ec10000 - 0x00007ffc8ec1e000 	C:\Users\VXDimaS\.jdks\adopt-openjdk-11.0.8\bin\sunmscapi.dll
0x00007ffc96850000 - 0x00007ffc96a2b000 	C:\Windows\System32\CRYPT32.dll
0x00007ffc95ba0000 - 0x00007ffc95bb2000 	C:\Windows\System32\MSASN1.dll
0x00007ffc95640000 - 0x00007ffc95666000 	C:\Windows\SYSTEM32\ncrypt.dll
0x00007ffc95600000 - 0x00007ffc9563c000 	C:\Windows\SYSTEM32\NTASN1.dll

dbghelp: loaded successfully - version: 4.0.5 - missing functions: none
symbol engine: initialized successfully - sym options: 0x614 - pdb path: .;C:\Users\VXDimaS\.jdks\adopt-openjdk-11.0.8\bin;C:\Windows\SYSTEM32;C:\Windows\WinSxS\amd64_microsoft.windows.common-controls_6595b64144ccf1df_6.0.17763.475_none_05b43ca607202c6c;C:\Users\VXDimaS\.jdks\adopt-openjdk-11.0.8\bin\server;E:\Programming\JAVA IDE\bin

VM Arguments:
jvm_args: -ea -DnodeNamesHandler=org.jetbrains.plugins.cucumber.java.run.CucumberTestTreeNodeManager -Didea.test.cyclic.buffer.size=1048576 -javaagent:E:\Programming\JAVA IDE\lib\idea_rt.jar=65019:E:\Programming\JAVA IDE\bin -Dfile.encoding=UTF-8 
java_command: com.intellij.rt.junit.JUnitStarter -ideVersion5 -junit4 ru.vxdimas.CucumberRunner
java_class_path (initial): E:\Programming\JAVA IDE\lib\idea_rt.jar;E:\Programming\JAVA IDE\plugins\junit\lib\junit5-rt.jar;E:\Programming\JAVA IDE\plugins\junit\lib\junit-rt.jar;E:\Programming\Projects\bankOtritieCucumber\target\test-classes;C:\Users\VXDimaS\.m2\repository\junit\junit\4.12\junit-4.12.jar;C:\Users\VXDimaS\.m2\repository\org\hamcrest\hamcrest-core\1.3\hamcrest-core-1.3.jar;C:\Users\VXDimaS\.m2\repository\io\cucumber\cucumber-junit\4.2.6\cucumber-junit-4.2.6.jar;C:\Users\VXDimaS\.m2\repository\io\cucumber\cucumber-java\4.2.6\cucumber-java-4.2.6.jar;C:\Users\VXDimaS\.m2\repository\io\cucumber\cucumber-core\4.2.6\cucumber-core-4.2.6.jar;C:\Users\VXDimaS\.m2\repository\io\cucumber\cucumber-html\0.2.7\cucumber-html-0.2.7.jar;C:\Users\VXDimaS\.m2\repository\io\cucumber\gherkin\5.1.0\gherkin-5.1.0.jar;C:\Users\VXDimaS\.m2\repository\io\cucumber\tag-expressions\1.1.1\tag-expressions-1.1.1.jar;C:\Users\VXDimaS\.m2\repository\io\cucumber\cucumber-expressions\6.2.0\cucumber-expressions-6.2.0.jar;C:\Users\VXDimaS\.m2\repository\io\cucumber\datatable\1.1.12\datatable-1.1.12.jar;C:\Users\VXDimaS\.m2\repository\io\cucumber\datatable-dependencies\1.1.12\datatable-dependencies-1.1.12.jar;C:\Users\VXDimaS\.m2\repository\io\qameta\allure\allure-cucumber4-jvm\2.13.5\allure-cucumber4-jvm-2.13.5.jar;C:\Users\VXDimaS\.m2\repository\io\qameta\allure\allure-java-commons\2.13.5\allure-java-commons-2.13.5.jar;C:\Users\VXDimaS\.m2\repository\io\qameta\allure\allure-model\2.13.5\allure-model-2.13.5.jar;C:\Users\VXDimaS\.m2\repository\com\fasterxml\jackson\core\jackson-databind\2.9.8\jackson-databind-2.9.8.jar;C:\Users\VXDimaS\.m2\repository\com\fasterxml\jackson\core\jackson-annotations\2.9.0\jackson-annotations-2.9.0.jar;C:\Users\VXDimaS\.m2\repository\com\fasterxml\jackson\core\jackson-core\2.9.8\jackson-core-2.9.8.jar;C:\Users\VXDimaS\.m2\repository\org\apache\tika\tika-core\1.20\tika-core-1.20.jar;C:\Users\VXDimaS\.m2\repository\org\jooq\joor-java-8\0.9.10\joor-java-8-0.9.1
Launcher Type: SUN_STANDARD

[Global flags]
     intx CICompilerCount                          = 4                                         {product} {ergonomic}
     uint ConcGCThreads                            = 3                                         {product} {ergonomic}
     uint G1ConcRefinementThreads                  = 10                                        {product} {ergonomic}
   size_t G1HeapRegionSize                         = 1048576                                   {product} {ergonomic}
    uintx GCDrainStackTargetSize                   = 64                                        {product} {ergonomic}
   size_t InitialHeapSize                          = 268435456                                 {product} {ergonomic}
   size_t MarkStackSize                            = 4194304                                   {product} {ergonomic}
   size_t MaxHeapSize                              = 4282384384                                {product} {ergonomic}
   size_t MaxNewSize                               = 2569011200                                {product} {ergonomic}
   size_t MinHeapDeltaBytes                        = 1048576                                   {product} {ergonomic}
    uintx NonNMethodCodeHeapSize                   = 5836300                                {pd product} {ergonomic}
    uintx NonProfiledCodeHeapSize                  = 122910970                              {pd product} {ergonomic}
    uintx ProfiledCodeHeapSize                     = 122910970                              {pd product} {ergonomic}
    uintx ReservedCodeCacheSize                    = 251658240                              {pd product} {ergonomic}
     bool SegmentedCodeCache                       = true                                      {product} {ergonomic}
     bool UseCompressedClassPointers               = true                                 {lp64_product} {ergonomic}
     bool UseCompressedOops                        = true                                 {lp64_product} {ergonomic}
     bool UseG1GC                                  = true                                      {product} {ergonomic}
     bool UseLargePagesIndividualAllocation        = false                                  {pd product} {ergonomic}

Logging:
Log output configuration:
 #0: stdout all=warning uptime,level,tags
 #1: stderr all=off uptime,level,tags

Environment Variables:
JAVA_HOME=C:\Users\VXDimaS\.jdks\openjdk-14.0.2
PATH=C:\Windows\system32;C:\Windows;C:\Windows\System32\Wbem;C:\Windows\System32\WindowsPowerShell\v1.0\;C:\Windows\System32\OpenSSH\;C:\Program Files (x86)\NVIDIA Corporation\PhysX\Common;C:\Program Files\NVIDIA Corporation\NVIDIA NvDLISR;C:\Program Files\dotnet\;C:\Program Files\Microsoft SQL Server\130\Tools\Binn\;C:\Program Files\Common Files\Autodesk Shared\;C:\Program Files\Microsoft SQL Server\120\Tools\Binn\;E:\Programming\Git\cmd;C:\Program Files\MySQL\MySQL Shell 8.0\bin\;C:\Users\VXDimaS\AppData\Local\Microsoft\WindowsApps;
USERNAME=VXDimaS
OS=Windows_NT
PROCESSOR_IDENTIFIER=AMD64 Family 23 Model 113 Stepping 0, AuthenticAMD



---------------  S Y S T E M  ---------------

OS: Windows 10 , 64 bit Build 17763 (10.0.17763.475)
OS uptime: 7 days 17:35 hours

CPU:total 12 (initial active 12) (12 cores per cpu, 2 threads per core) family 23 model 113 stepping 0, cmov, cx8, fxsr, mmx, sse, sse2, sse3, ssse3, sse4.1, sse4.2, popcnt, avx, avx2, aes, clmul, mmxext, 3dnowpref, lzcnt, sse4a, ht, tsc, tscinvbit, tscinv, bmi1, bmi2, adx, sha, fma

Memory: 4k page, system-wide physical 16335M (4985M free)
TotalPageFile size 16335M (AvailPageFile size 5M)
current process WorkingSet (physical memory assigned to process): 112M, peak: 112M
current process commit charge ("private bytes"): 382M, peak: 382M

vm_info: OpenJDK 64-Bit Server VM (11.0.8+10) for windows-amd64 JRE (11.0.8+10), built on Jul 15 2020 11:45:54 by "" with MS VC++ 15.9 (VS2017)

END.
